<?xml version="1.0" encoding="UTF-8"?>
<testsuite xmlns:xsi="http://www.w3.org/2001/XMLSchema-instance" xsi:noNamespaceSchemaLocation="https://maven.apache.org/surefire/maven-failsafe-plugin/xsd/failsafe-test-report.xsd" name="com.feiyongjing.living_bill.BillIntegrationTest" time="0.481" tests="2" errors="0" skipped="0" failures="0">
  <properties>
    <property name="sun.desktop" value="windows"/>
    <property name="awt.toolkit" value="sun.awt.windows.WToolkit"/>
    <property name="file.encoding.pkg" value="sun.io"/>
    <property name="java.specification.version" value="1.8"/>
    <property name="sun.cpu.isalist" value="amd64"/>
    <property name="sun.jnu.encoding" value="GBK"/>
    <property name="java.class.path" value="E:\java-prbject\living_bill\target\test-classes;E:\java-prbject\living_bill\target\classes;F:\software\maven\apache-maven-3.6.3\repository\org\springframework\boot\spring-boot-starter-jdbc\2.3.4.RELEASE\spring-boot-starter-jdbc-2.3.4.RELEASE.jar;F:\software\maven\apache-maven-3.6.3\repository\org\springframework\boot\spring-boot-starter\2.3.4.RELEASE\spring-boot-starter-2.3.4.RELEASE.jar;F:\software\maven\apache-maven-3.6.3\repository\org\springframework\boot\spring-boot\2.3.4.RELEASE\spring-boot-2.3.4.RELEASE.jar;F:\software\maven\apache-maven-3.6.3\repository\org\springframework\boot\spring-boot-autoconfigure\2.3.4.RELEASE\spring-boot-autoconfigure-2.3.4.RELEASE.jar;F:\software\maven\apache-maven-3.6.3\repository\org\springframework\boot\spring-boot-starter-logging\2.3.4.RELEASE\spring-boot-starter-logging-2.3.4.RELEASE.jar;F:\software\maven\apache-maven-3.6.3\repository\ch\qos\logback\logback-classic\1.2.3\logback-classic-1.2.3.jar;F:\software\maven\apache-maven-3.6.3\repository\ch\qos\logback\logback-core\1.2.3\logback-core-1.2.3.jar;F:\software\maven\apache-maven-3.6.3\repository\org\apache\logging\log4j\log4j-to-slf4j\2.13.3\log4j-to-slf4j-2.13.3.jar;F:\software\maven\apache-maven-3.6.3\repository\org\apache\logging\log4j\log4j-api\2.13.3\log4j-api-2.13.3.jar;F:\software\maven\apache-maven-3.6.3\repository\org\slf4j\jul-to-slf4j\1.7.30\jul-to-slf4j-1.7.30.jar;F:\software\maven\apache-maven-3.6.3\repository\jakarta\annotation\jakarta.annotation-api\1.3.5\jakarta.annotation-api-1.3.5.jar;F:\software\maven\apache-maven-3.6.3\repository\org\yaml\snakeyaml\1.26\snakeyaml-1.26.jar;F:\software\maven\apache-maven-3.6.3\repository\com\zaxxer\HikariCP\3.4.5\HikariCP-3.4.5.jar;F:\software\maven\apache-maven-3.6.3\repository\org\slf4j\slf4j-api\1.7.30\slf4j-api-1.7.30.jar;F:\software\maven\apache-maven-3.6.3\repository\org\springframework\spring-jdbc\5.2.9.RELEASE\spring-jdbc-5.2.9.RELEASE.jar;F:\software\maven\apache-maven-3.6.3\repository\org\springframework\spring-tx\5.2.9.RELEASE\spring-tx-5.2.9.RELEASE.jar;F:\software\maven\apache-maven-3.6.3\repository\org\springframework\boot\spring-boot-starter-web\2.3.4.RELEASE\spring-boot-starter-web-2.3.4.RELEASE.jar;F:\software\maven\apache-maven-3.6.3\repository\org\springframework\boot\spring-boot-starter-json\2.3.4.RELEASE\spring-boot-starter-json-2.3.4.RELEASE.jar;F:\software\maven\apache-maven-3.6.3\repository\com\fasterxml\jackson\core\jackson-databind\2.11.2\jackson-databind-2.11.2.jar;F:\software\maven\apache-maven-3.6.3\repository\com\fasterxml\jackson\core\jackson-annotations\2.11.2\jackson-annotations-2.11.2.jar;F:\software\maven\apache-maven-3.6.3\repository\com\fasterxml\jackson\core\jackson-core\2.11.2\jackson-core-2.11.2.jar;F:\software\maven\apache-maven-3.6.3\repository\com\fasterxml\jackson\datatype\jackson-datatype-jdk8\2.11.2\jackson-datatype-jdk8-2.11.2.jar;F:\software\maven\apache-maven-3.6.3\repository\com\fasterxml\jackson\datatype\jackson-datatype-jsr310\2.11.2\jackson-datatype-jsr310-2.11.2.jar;F:\software\maven\apache-maven-3.6.3\repository\com\fasterxml\jackson\module\jackson-module-parameter-names\2.11.2\jackson-module-parameter-names-2.11.2.jar;F:\software\maven\apache-maven-3.6.3\repository\org\springframework\boot\spring-boot-starter-tomcat\2.3.4.RELEASE\spring-boot-starter-tomcat-2.3.4.RELEASE.jar;F:\software\maven\apache-maven-3.6.3\repository\org\apache\tomcat\embed\tomcat-embed-core\9.0.38\tomcat-embed-core-9.0.38.jar;F:\software\maven\apache-maven-3.6.3\repository\org\glassfish\jakarta.el\3.0.3\jakarta.el-3.0.3.jar;F:\software\maven\apache-maven-3.6.3\repository\org\apache\tomcat\embed\tomcat-embed-websocket\9.0.38\tomcat-embed-websocket-9.0.38.jar;F:\software\maven\apache-maven-3.6.3\repository\org\springframework\spring-web\5.2.9.RELEASE\spring-web-5.2.9.RELEASE.jar;F:\software\maven\apache-maven-3.6.3\repository\org\springframework\spring-webmvc\5.2.9.RELEASE\spring-webmvc-5.2.9.RELEASE.jar;F:\software\maven\apache-maven-3.6.3\repository\org\mybatis\spring\boot\mybatis-spring-boot-starter\2.1.3\mybatis-spring-boot-starter-2.1.3.jar;F:\software\maven\apache-maven-3.6.3\repository\org\mybatis\spring\boot\mybatis-spring-boot-autoconfigure\2.1.3\mybatis-spring-boot-autoconfigure-2.1.3.jar;F:\software\maven\apache-maven-3.6.3\repository\org\mybatis\mybatis\3.5.5\mybatis-3.5.5.jar;F:\software\maven\apache-maven-3.6.3\repository\org\mybatis\mybatis-spring\2.0.5\mybatis-spring-2.0.5.jar;F:\software\maven\apache-maven-3.6.3\repository\mysql\mysql-connector-java\8.0.21\mysql-connector-java-8.0.21.jar;F:\software\maven\apache-maven-3.6.3\repository\org\springframework\boot\spring-boot-starter-test\2.3.4.RELEASE\spring-boot-starter-test-2.3.4.RELEASE.jar;F:\software\maven\apache-maven-3.6.3\repository\org\springframework\boot\spring-boot-test\2.3.4.RELEASE\spring-boot-test-2.3.4.RELEASE.jar;F:\software\maven\apache-maven-3.6.3\repository\org\springframework\boot\spring-boot-test-autoconfigure\2.3.4.RELEASE\spring-boot-test-autoconfigure-2.3.4.RELEASE.jar;F:\software\maven\apache-maven-3.6.3\repository\com\jayway\jsonpath\json-path\2.4.0\json-path-2.4.0.jar;F:\software\maven\apache-maven-3.6.3\repository\net\minidev\json-smart\2.3\json-smart-2.3.jar;F:\software\maven\apache-maven-3.6.3\repository\net\minidev\accessors-smart\1.2\accessors-smart-1.2.jar;F:\software\maven\apache-maven-3.6.3\repository\org\ow2\asm\asm\5.0.4\asm-5.0.4.jar;F:\software\maven\apache-maven-3.6.3\repository\jakarta\xml\bind\jakarta.xml.bind-api\2.3.3\jakarta.xml.bind-api-2.3.3.jar;F:\software\maven\apache-maven-3.6.3\repository\jakarta\activation\jakarta.activation-api\1.2.2\jakarta.activation-api-1.2.2.jar;F:\software\maven\apache-maven-3.6.3\repository\org\assertj\assertj-core\3.16.1\assertj-core-3.16.1.jar;F:\software\maven\apache-maven-3.6.3\repository\org\hamcrest\hamcrest\2.2\hamcrest-2.2.jar;F:\software\maven\apache-maven-3.6.3\repository\org\junit\jupiter\junit-jupiter\5.6.2\junit-jupiter-5.6.2.jar;F:\software\maven\apache-maven-3.6.3\repository\org\junit\jupiter\junit-jupiter-api\5.6.2\junit-jupiter-api-5.6.2.jar;F:\software\maven\apache-maven-3.6.3\repository\org\apiguardian\apiguardian-api\1.1.0\apiguardian-api-1.1.0.jar;F:\software\maven\apache-maven-3.6.3\repository\org\opentest4j\opentest4j\1.2.0\opentest4j-1.2.0.jar;F:\software\maven\apache-maven-3.6.3\repository\org\junit\platform\junit-platform-commons\1.6.2\junit-platform-commons-1.6.2.jar;F:\software\maven\apache-maven-3.6.3\repository\org\junit\jupiter\junit-jupiter-params\5.6.2\junit-jupiter-params-5.6.2.jar;F:\software\maven\apache-maven-3.6.3\repository\org\junit\jupiter\junit-jupiter-engine\5.6.2\junit-jupiter-engine-5.6.2.jar;F:\software\maven\apache-maven-3.6.3\repository\org\junit\platform\junit-platform-engine\1.6.2\junit-platform-engine-1.6.2.jar;F:\software\maven\apache-maven-3.6.3\repository\org\mockito\mockito-core\3.3.3\mockito-core-3.3.3.jar;F:\software\maven\apache-maven-3.6.3\repository\net\bytebuddy\byte-buddy\1.10.14\byte-buddy-1.10.14.jar;F:\software\maven\apache-maven-3.6.3\repository\net\bytebuddy\byte-buddy-agent\1.10.14\byte-buddy-agent-1.10.14.jar;F:\software\maven\apache-maven-3.6.3\repository\org\objenesis\objenesis\2.6\objenesis-2.6.jar;F:\software\maven\apache-maven-3.6.3\repository\org\mockito\mockito-junit-jupiter\3.3.3\mockito-junit-jupiter-3.3.3.jar;F:\software\maven\apache-maven-3.6.3\repository\org\skyscreamer\jsonassert\1.5.0\jsonassert-1.5.0.jar;F:\software\maven\apache-maven-3.6.3\repository\com\vaadin\external\google\android-json\0.0.20131108.vaadin1\android-json-0.0.20131108.vaadin1.jar;F:\software\maven\apache-maven-3.6.3\repository\org\springframework\spring-core\5.2.9.RELEASE\spring-core-5.2.9.RELEASE.jar;F:\software\maven\apache-maven-3.6.3\repository\org\springframework\spring-jcl\5.2.9.RELEASE\spring-jcl-5.2.9.RELEASE.jar;F:\software\maven\apache-maven-3.6.3\repository\org\springframework\spring-test\5.2.9.RELEASE\spring-test-5.2.9.RELEASE.jar;F:\software\maven\apache-maven-3.6.3\repository\org\xmlunit\xmlunit-core\2.7.0\xmlunit-core-2.7.0.jar;F:\software\maven\apache-maven-3.6.3\repository\org\apache\shiro\shiro-core\1.6.0\shiro-core-1.6.0.jar;F:\software\maven\apache-maven-3.6.3\repository\org\apache\shiro\shiro-lang\1.6.0\shiro-lang-1.6.0.jar;F:\software\maven\apache-maven-3.6.3\repository\org\apache\shiro\shiro-cache\1.6.0\shiro-cache-1.6.0.jar;F:\software\maven\apache-maven-3.6.3\repository\org\apache\shiro\shiro-crypto-hash\1.6.0\shiro-crypto-hash-1.6.0.jar;F:\software\maven\apache-maven-3.6.3\repository\org\apache\shiro\shiro-crypto-core\1.6.0\shiro-crypto-core-1.6.0.jar;F:\software\maven\apache-maven-3.6.3\repository\org\apache\shiro\shiro-crypto-cipher\1.6.0\shiro-crypto-cipher-1.6.0.jar;F:\software\maven\apache-maven-3.6.3\repository\org\apache\shiro\shiro-config-core\1.6.0\shiro-config-core-1.6.0.jar;F:\software\maven\apache-maven-3.6.3\repository\org\apache\shiro\shiro-config-ogdl\1.6.0\shiro-config-ogdl-1.6.0.jar;F:\software\maven\apache-maven-3.6.3\repository\commons-beanutils\commons-beanutils\1.9.4\commons-beanutils-1.9.4.jar;F:\software\maven\apache-maven-3.6.3\repository\commons-collections\commons-collections\3.2.2\commons-collections-3.2.2.jar;F:\software\maven\apache-maven-3.6.3\repository\org\apache\shiro\shiro-event\1.6.0\shiro-event-1.6.0.jar;F:\software\maven\apache-maven-3.6.3\repository\org\apache\shiro\shiro-spring\1.6.0\shiro-spring-1.6.0.jar;F:\software\maven\apache-maven-3.6.3\repository\org\apache\shiro\shiro-web\1.6.0\shiro-web-1.6.0.jar;F:\software\maven\apache-maven-3.6.3\repository\org\owasp\encoder\encoder\1.2.2\encoder-1.2.2.jar;F:\software\maven\apache-maven-3.6.3\repository\org\springframework\security\spring-security-core\5.2.1.RELEASE\spring-security-core-5.2.1.RELEASE.jar;F:\software\maven\apache-maven-3.6.3\repository\org\springframework\spring-aop\5.2.9.RELEASE\spring-aop-5.2.9.RELEASE.jar;F:\software\maven\apache-maven-3.6.3\repository\org\springframework\spring-beans\5.2.9.RELEASE\spring-beans-5.2.9.RELEASE.jar;F:\software\maven\apache-maven-3.6.3\repository\org\springframework\spring-context\5.2.9.RELEASE\spring-context-5.2.9.RELEASE.jar;F:\software\maven\apache-maven-3.6.3\repository\org\springframework\spring-expression\5.2.9.RELEASE\spring-expression-5.2.9.RELEASE.jar;F:\software\maven\apache-maven-3.6.3\repository\com\github\kevinsawicki\http-request\6.0\http-request-6.0.jar;"/>
    <property name="java.vm.vendor" value="Oracle Corporation"/>
    <property name="sun.arch.data.model" value="64"/>
    <property name="user.variant" value=""/>
    <property name="java.vendor.url" value="http://java.oracle.com/"/>
    <property name="user.timezone" value="Asia/Shanghai"/>
    <property name="java.vm.specification.version" value="1.8"/>
    <property name="os.name" value="Windows 10"/>
    <property name="user.country" value="CN"/>
    <property name="sun.java.launcher" value="SUN_STANDARD"/>
    <property name="sun.boot.library.path" value="F:\software\Java\jdk1.8.0_261\jre\bin"/>
    <property name="sun.java.command" value="C:\Users\ADMINI~1\AppData\Local\Temp\surefire3267533546824465088\surefirebooter5682891492341642228.jar C:\Users\Administrator\AppData\Local\Temp\surefire3267533546824465088 2020-11-03T18-27-13_080-jvmRun1 surefire9120632777931382592tmp surefire_05659418110598404049tmp"/>
    <property name="surefire.test.class.path" value="E:\java-prbject\living_bill\target\test-classes;E:\java-prbject\living_bill\target\classes;F:\software\maven\apache-maven-3.6.3\repository\org\springframework\boot\spring-boot-starter-jdbc\2.3.4.RELEASE\spring-boot-starter-jdbc-2.3.4.RELEASE.jar;F:\software\maven\apache-maven-3.6.3\repository\org\springframework\boot\spring-boot-starter\2.3.4.RELEASE\spring-boot-starter-2.3.4.RELEASE.jar;F:\software\maven\apache-maven-3.6.3\repository\org\springframework\boot\spring-boot\2.3.4.RELEASE\spring-boot-2.3.4.RELEASE.jar;F:\software\maven\apache-maven-3.6.3\repository\org\springframework\boot\spring-boot-autoconfigure\2.3.4.RELEASE\spring-boot-autoconfigure-2.3.4.RELEASE.jar;F:\software\maven\apache-maven-3.6.3\repository\org\springframework\boot\spring-boot-starter-logging\2.3.4.RELEASE\spring-boot-starter-logging-2.3.4.RELEASE.jar;F:\software\maven\apache-maven-3.6.3\repository\ch\qos\logback\logback-classic\1.2.3\logback-classic-1.2.3.jar;F:\software\maven\apache-maven-3.6.3\repository\ch\qos\logback\logback-core\1.2.3\logback-core-1.2.3.jar;F:\software\maven\apache-maven-3.6.3\repository\org\apache\logging\log4j\log4j-to-slf4j\2.13.3\log4j-to-slf4j-2.13.3.jar;F:\software\maven\apache-maven-3.6.3\repository\org\apache\logging\log4j\log4j-api\2.13.3\log4j-api-2.13.3.jar;F:\software\maven\apache-maven-3.6.3\repository\org\slf4j\jul-to-slf4j\1.7.30\jul-to-slf4j-1.7.30.jar;F:\software\maven\apache-maven-3.6.3\repository\jakarta\annotation\jakarta.annotation-api\1.3.5\jakarta.annotation-api-1.3.5.jar;F:\software\maven\apache-maven-3.6.3\repository\org\yaml\snakeyaml\1.26\snakeyaml-1.26.jar;F:\software\maven\apache-maven-3.6.3\repository\com\zaxxer\HikariCP\3.4.5\HikariCP-3.4.5.jar;F:\software\maven\apache-maven-3.6.3\repository\org\slf4j\slf4j-api\1.7.30\slf4j-api-1.7.30.jar;F:\software\maven\apache-maven-3.6.3\repository\org\springframework\spring-jdbc\5.2.9.RELEASE\spring-jdbc-5.2.9.RELEASE.jar;F:\software\maven\apache-maven-3.6.3\repository\org\springframework\spring-tx\5.2.9.RELEASE\spring-tx-5.2.9.RELEASE.jar;F:\software\maven\apache-maven-3.6.3\repository\org\springframework\boot\spring-boot-starter-web\2.3.4.RELEASE\spring-boot-starter-web-2.3.4.RELEASE.jar;F:\software\maven\apache-maven-3.6.3\repository\org\springframework\boot\spring-boot-starter-json\2.3.4.RELEASE\spring-boot-starter-json-2.3.4.RELEASE.jar;F:\software\maven\apache-maven-3.6.3\repository\com\fasterxml\jackson\core\jackson-databind\2.11.2\jackson-databind-2.11.2.jar;F:\software\maven\apache-maven-3.6.3\repository\com\fasterxml\jackson\core\jackson-annotations\2.11.2\jackson-annotations-2.11.2.jar;F:\software\maven\apache-maven-3.6.3\repository\com\fasterxml\jackson\core\jackson-core\2.11.2\jackson-core-2.11.2.jar;F:\software\maven\apache-maven-3.6.3\repository\com\fasterxml\jackson\datatype\jackson-datatype-jdk8\2.11.2\jackson-datatype-jdk8-2.11.2.jar;F:\software\maven\apache-maven-3.6.3\repository\com\fasterxml\jackson\datatype\jackson-datatype-jsr310\2.11.2\jackson-datatype-jsr310-2.11.2.jar;F:\software\maven\apache-maven-3.6.3\repository\com\fasterxml\jackson\module\jackson-module-parameter-names\2.11.2\jackson-module-parameter-names-2.11.2.jar;F:\software\maven\apache-maven-3.6.3\repository\org\springframework\boot\spring-boot-starter-tomcat\2.3.4.RELEASE\spring-boot-starter-tomcat-2.3.4.RELEASE.jar;F:\software\maven\apache-maven-3.6.3\repository\org\apache\tomcat\embed\tomcat-embed-core\9.0.38\tomcat-embed-core-9.0.38.jar;F:\software\maven\apache-maven-3.6.3\repository\org\glassfish\jakarta.el\3.0.3\jakarta.el-3.0.3.jar;F:\software\maven\apache-maven-3.6.3\repository\org\apache\tomcat\embed\tomcat-embed-websocket\9.0.38\tomcat-embed-websocket-9.0.38.jar;F:\software\maven\apache-maven-3.6.3\repository\org\springframework\spring-web\5.2.9.RELEASE\spring-web-5.2.9.RELEASE.jar;F:\software\maven\apache-maven-3.6.3\repository\org\springframework\spring-webmvc\5.2.9.RELEASE\spring-webmvc-5.2.9.RELEASE.jar;F:\software\maven\apache-maven-3.6.3\repository\org\mybatis\spring\boot\mybatis-spring-boot-starter\2.1.3\mybatis-spring-boot-starter-2.1.3.jar;F:\software\maven\apache-maven-3.6.3\repository\org\mybatis\spring\boot\mybatis-spring-boot-autoconfigure\2.1.3\mybatis-spring-boot-autoconfigure-2.1.3.jar;F:\software\maven\apache-maven-3.6.3\repository\org\mybatis\mybatis\3.5.5\mybatis-3.5.5.jar;F:\software\maven\apache-maven-3.6.3\repository\org\mybatis\mybatis-spring\2.0.5\mybatis-spring-2.0.5.jar;F:\software\maven\apache-maven-3.6.3\repository\mysql\mysql-connector-java\8.0.21\mysql-connector-java-8.0.21.jar;F:\software\maven\apache-maven-3.6.3\repository\org\springframework\boot\spring-boot-starter-test\2.3.4.RELEASE\spring-boot-starter-test-2.3.4.RELEASE.jar;F:\software\maven\apache-maven-3.6.3\repository\org\springframework\boot\spring-boot-test\2.3.4.RELEASE\spring-boot-test-2.3.4.RELEASE.jar;F:\software\maven\apache-maven-3.6.3\repository\org\springframework\boot\spring-boot-test-autoconfigure\2.3.4.RELEASE\spring-boot-test-autoconfigure-2.3.4.RELEASE.jar;F:\software\maven\apache-maven-3.6.3\repository\com\jayway\jsonpath\json-path\2.4.0\json-path-2.4.0.jar;F:\software\maven\apache-maven-3.6.3\repository\net\minidev\json-smart\2.3\json-smart-2.3.jar;F:\software\maven\apache-maven-3.6.3\repository\net\minidev\accessors-smart\1.2\accessors-smart-1.2.jar;F:\software\maven\apache-maven-3.6.3\repository\org\ow2\asm\asm\5.0.4\asm-5.0.4.jar;F:\software\maven\apache-maven-3.6.3\repository\jakarta\xml\bind\jakarta.xml.bind-api\2.3.3\jakarta.xml.bind-api-2.3.3.jar;F:\software\maven\apache-maven-3.6.3\repository\jakarta\activation\jakarta.activation-api\1.2.2\jakarta.activation-api-1.2.2.jar;F:\software\maven\apache-maven-3.6.3\repository\org\assertj\assertj-core\3.16.1\assertj-core-3.16.1.jar;F:\software\maven\apache-maven-3.6.3\repository\org\hamcrest\hamcrest\2.2\hamcrest-2.2.jar;F:\software\maven\apache-maven-3.6.3\repository\org\junit\jupiter\junit-jupiter\5.6.2\junit-jupiter-5.6.2.jar;F:\software\maven\apache-maven-3.6.3\repository\org\junit\jupiter\junit-jupiter-api\5.6.2\junit-jupiter-api-5.6.2.jar;F:\software\maven\apache-maven-3.6.3\repository\org\apiguardian\apiguardian-api\1.1.0\apiguardian-api-1.1.0.jar;F:\software\maven\apache-maven-3.6.3\repository\org\opentest4j\opentest4j\1.2.0\opentest4j-1.2.0.jar;F:\software\maven\apache-maven-3.6.3\repository\org\junit\platform\junit-platform-commons\1.6.2\junit-platform-commons-1.6.2.jar;F:\software\maven\apache-maven-3.6.3\repository\org\junit\jupiter\junit-jupiter-params\5.6.2\junit-jupiter-params-5.6.2.jar;F:\software\maven\apache-maven-3.6.3\repository\org\junit\jupiter\junit-jupiter-engine\5.6.2\junit-jupiter-engine-5.6.2.jar;F:\software\maven\apache-maven-3.6.3\repository\org\junit\platform\junit-platform-engine\1.6.2\junit-platform-engine-1.6.2.jar;F:\software\maven\apache-maven-3.6.3\repository\org\mockito\mockito-core\3.3.3\mockito-core-3.3.3.jar;F:\software\maven\apache-maven-3.6.3\repository\net\bytebuddy\byte-buddy\1.10.14\byte-buddy-1.10.14.jar;F:\software\maven\apache-maven-3.6.3\repository\net\bytebuddy\byte-buddy-agent\1.10.14\byte-buddy-agent-1.10.14.jar;F:\software\maven\apache-maven-3.6.3\repository\org\objenesis\objenesis\2.6\objenesis-2.6.jar;F:\software\maven\apache-maven-3.6.3\repository\org\mockito\mockito-junit-jupiter\3.3.3\mockito-junit-jupiter-3.3.3.jar;F:\software\maven\apache-maven-3.6.3\repository\org\skyscreamer\jsonassert\1.5.0\jsonassert-1.5.0.jar;F:\software\maven\apache-maven-3.6.3\repository\com\vaadin\external\google\android-json\0.0.20131108.vaadin1\android-json-0.0.20131108.vaadin1.jar;F:\software\maven\apache-maven-3.6.3\repository\org\springframework\spring-core\5.2.9.RELEASE\spring-core-5.2.9.RELEASE.jar;F:\software\maven\apache-maven-3.6.3\repository\org\springframework\spring-jcl\5.2.9.RELEASE\spring-jcl-5.2.9.RELEASE.jar;F:\software\maven\apache-maven-3.6.3\repository\org\springframework\spring-test\5.2.9.RELEASE\spring-test-5.2.9.RELEASE.jar;F:\software\maven\apache-maven-3.6.3\repository\org\xmlunit\xmlunit-core\2.7.0\xmlunit-core-2.7.0.jar;F:\software\maven\apache-maven-3.6.3\repository\org\apache\shiro\shiro-core\1.6.0\shiro-core-1.6.0.jar;F:\software\maven\apache-maven-3.6.3\repository\org\apache\shiro\shiro-lang\1.6.0\shiro-lang-1.6.0.jar;F:\software\maven\apache-maven-3.6.3\repository\org\apache\shiro\shiro-cache\1.6.0\shiro-cache-1.6.0.jar;F:\software\maven\apache-maven-3.6.3\repository\org\apache\shiro\shiro-crypto-hash\1.6.0\shiro-crypto-hash-1.6.0.jar;F:\software\maven\apache-maven-3.6.3\repository\org\apache\shiro\shiro-crypto-core\1.6.0\shiro-crypto-core-1.6.0.jar;F:\software\maven\apache-maven-3.6.3\repository\org\apache\shiro\shiro-crypto-cipher\1.6.0\shiro-crypto-cipher-1.6.0.jar;F:\software\maven\apache-maven-3.6.3\repository\org\apache\shiro\shiro-config-core\1.6.0\shiro-config-core-1.6.0.jar;F:\software\maven\apache-maven-3.6.3\repository\org\apache\shiro\shiro-config-ogdl\1.6.0\shiro-config-ogdl-1.6.0.jar;F:\software\maven\apache-maven-3.6.3\repository\commons-beanutils\commons-beanutils\1.9.4\commons-beanutils-1.9.4.jar;F:\software\maven\apache-maven-3.6.3\repository\commons-collections\commons-collections\3.2.2\commons-collections-3.2.2.jar;F:\software\maven\apache-maven-3.6.3\repository\org\apache\shiro\shiro-event\1.6.0\shiro-event-1.6.0.jar;F:\software\maven\apache-maven-3.6.3\repository\org\apache\shiro\shiro-spring\1.6.0\shiro-spring-1.6.0.jar;F:\software\maven\apache-maven-3.6.3\repository\org\apache\shiro\shiro-web\1.6.0\shiro-web-1.6.0.jar;F:\software\maven\apache-maven-3.6.3\repository\org\owasp\encoder\encoder\1.2.2\encoder-1.2.2.jar;F:\software\maven\apache-maven-3.6.3\repository\org\springframework\security\spring-security-core\5.2.1.RELEASE\spring-security-core-5.2.1.RELEASE.jar;F:\software\maven\apache-maven-3.6.3\repository\org\springframework\spring-aop\5.2.9.RELEASE\spring-aop-5.2.9.RELEASE.jar;F:\software\maven\apache-maven-3.6.3\repository\org\springframework\spring-beans\5.2.9.RELEASE\spring-beans-5.2.9.RELEASE.jar;F:\software\maven\apache-maven-3.6.3\repository\org\springframework\spring-context\5.2.9.RELEASE\spring-context-5.2.9.RELEASE.jar;F:\software\maven\apache-maven-3.6.3\repository\org\springframework\spring-expression\5.2.9.RELEASE\spring-expression-5.2.9.RELEASE.jar;F:\software\maven\apache-maven-3.6.3\repository\com\github\kevinsawicki\http-request\6.0\http-request-6.0.jar;"/>
    <property name="sun.cpu.endian" value="little"/>
    <property name="user.home" value="C:\Users\Administrator"/>
    <property name="user.language" value="zh"/>
    <property name="java.specification.vendor" value="Oracle Corporation"/>
    <property name="java.home" value="F:\software\Java\jdk1.8.0_261\jre"/>
    <property name="basedir" value="E:\java-prbject\living_bill"/>
    <property name="file.separator" value="\"/>
    <property name="line.separator" value="&#10;"/>
    <property name="java.vm.specification.vendor" value="Oracle Corporation"/>
    <property name="java.specification.name" value="Java Platform API Specification"/>
    <property name="java.awt.graphicsenv" value="sun.awt.Win32GraphicsEnvironment"/>
    <property name="surefire.real.class.path" value="C:\Users\ADMINI~1\AppData\Local\Temp\surefire3267533546824465088\surefirebooter5682891492341642228.jar"/>
    <property name="sun.boot.class.path" value="F:\software\Java\jdk1.8.0_261\jre\lib\resources.jar;F:\software\Java\jdk1.8.0_261\jre\lib\rt.jar;F:\software\Java\jdk1.8.0_261\jre\lib\sunrsasign.jar;F:\software\Java\jdk1.8.0_261\jre\lib\jsse.jar;F:\software\Java\jdk1.8.0_261\jre\lib\jce.jar;F:\software\Java\jdk1.8.0_261\jre\lib\charsets.jar;F:\software\Java\jdk1.8.0_261\jre\lib\jfr.jar;F:\software\Java\jdk1.8.0_261\jre\classes"/>
    <property name="user.script" value=""/>
    <property name="sun.management.compiler" value="HotSpot 64-Bit Tiered Compilers"/>
    <property name="java.runtime.version" value="1.8.0_261-b12"/>
    <property name="user.name" value="Administrator"/>
    <property name="path.separator" value=";"/>
    <property name="os.version" value="10.0"/>
    <property name="java.endorsed.dirs" value="F:\software\Java\jdk1.8.0_261\jre\lib\endorsed"/>
    <property name="java.runtime.name" value="Java(TM) SE Runtime Environment"/>
    <property name="file.encoding" value="GBK"/>
    <property name="java.vm.name" value="Java HotSpot(TM) 64-Bit Server VM"/>
    <property name="localRepository" value="F:\software\maven\apache-maven-3.6.3\repository"/>
    <property name="java.vendor.url.bug" value="http://bugreport.sun.com/bugreport/"/>
    <property name="java.io.tmpdir" value="C:\Users\ADMINI~1\AppData\Local\Temp\"/>
    <property name="java.version" value="1.8.0_261"/>
    <property name="user.dir" value="E:\java-prbject\living_bill"/>
    <property name="os.arch" value="amd64"/>
    <property name="java.vm.specification.name" value="Java Virtual Machine Specification"/>
    <property name="java.awt.printerjob" value="sun.awt.windows.WPrinterJob"/>
    <property name="sun.os.patch.level" value=""/>
    <property name="java.library.path" value="F:\software\Java\jdk1.8.0_261\jre\bin;C:\Windows\Sun\Java\bin;C:\Windows\system32;C:\Windows;F:\software\cmder\bin;F:\software\xshell6\;F:\software\Java\jdk1.8.0_261\bin;C:\Program Files (x86)\Common Files\Oracle\Java\javapath;C:\Windows\system32;C:\Windows;C:\Windows\System32\Wbem;C:\Windows\System32\WindowsPowerShell\v1.0\;C:\Windows\System32\OpenSSH\;F:\software\git\Git\cmd;F:\software\maven\apache-maven-3.6.3\bin;F:\software\cmder;;C:\Program Files\Docker\Docker\resources\bin;C:\ProgramData\DockerDesktop\version-bin;C:\Users\Administrator\AppData\Local\Microsoft\WindowsApps;;F:\software\git\Git\usr\bin;F:\software\git\Git\usr\share\vim\vim74;F:\software\cmder\;."/>
    <property name="java.vm.info" value="mixed mode"/>
    <property name="java.vendor" value="Oracle Corporation"/>
    <property name="java.vm.version" value="25.261-b12"/>
    <property name="java.ext.dirs" value="F:\software\Java\jdk1.8.0_261\jre\lib\ext;C:\Windows\Sun\Java\lib\ext"/>
    <property name="sun.io.unicode.encoding" value="UnicodeLittle"/>
    <property name="java.class.version" value="52.0"/>
  </properties>
  <testcase name="getMonthBillTest" classname="com.feiyongjing.living_bill.BillIntegrationTest" time="0"/>
  <testcase name="createBillTest" classname="com.feiyongjing.living_bill.BillIntegrationTest" time="0.081"/>
</testsuite>